<?xml version="1.0" encoding="UTF-8"?>
<!-- Generated by org.testng.reporters.JUnitReportReporter -->
<testsuite hostname="DESKTOP-9OTVNOD" failures="0" tests="1" name="basicsOfTestNG.LearningTestngAnnotations" time="0.050" errors="0" timestamp="3 Aug 2022 00:34:22 GMT">
  <testcase classname="basicsOfTestNG.LearningTestngAnnotations" name="testFunction" time="0.050"/>
</testsuite> <!-- basicsOfTestNG.LearningTestngAnnotations -->
