<?xml version="1.0" encoding="UTF-8"?>
<!-- Generated by org.testng.reporters.JUnitReportReporter -->
<testsuite hostname="DESKTOP-9OTVNOD" failures="0" tests="4" name="script.StandardSigninScript" time="13.715" errors="0" timestamp="12 Aug 2022 00:09:57 GMT">
  <testcase classname="script.StandardSigninScript" name="standardUserLogin" time="4.018"/>
  <testcase classname="script.StandardSigninScript" name="performanceGlitchUserLogin" time="6.628"/>
  <testcase classname="script.StandardSigninScript" name="problemUserLogin" time="1.494"/>
  <testcase classname="script.StandardSigninScript" name="lockedOutUserLogin" time="1.575"/>
</testsuite> <!-- script.StandardSigninScript -->
