<?xml version="1.0" encoding="UTF-8"?>
<!-- Generated by org.testng.reporters.JUnitReportReporter -->
<testsuite hostname="DESKTOP-9OTVNOD" failures="0" tests="3" name="basicsOfTestNG.LearningTestng" time="0.075" errors="0" timestamp="4 Aug 2022 23:29:04 GMT">
  <testcase classname="basicsOfTestNG.LearningTestng" name="functionA" time="0.012"/>
  <testcase classname="basicsOfTestNG.LearningTestng" name="functionB" time="0.059"/>
  <testcase classname="basicsOfTestNG.LearningTestng" name="functionC" time="0.004"/>
</testsuite> <!-- basicsOfTestNG.LearningTestng -->
