<?xml version="1.0" encoding="UTF-8"?>
<!-- Generated by org.testng.reporters.JUnitReportReporter -->
<testsuite hostname="DESKTOP-9OTVNOD" failures="0" tests="1" name="script.PerformanceSigninScript" time="10.725" errors="0" timestamp="5 Aug 2022 01:29:25 GMT">
  <testcase classname="script.PerformanceSigninScript" name="performanceGlitchUserLogin" time="10.725"/>
</testsuite> <!-- script.PerformanceSigninScript -->
