<?xml version="1.0" encoding="UTF-8"?>
<!-- Generated by org.testng.reporters.JUnitReportReporter -->
<testsuite hostname="DESKTOP-9OTVNOD" failures="0" tests="2" name="basicsOfTestNG.LearningTestng" time="0.068" errors="0" timestamp="11 Aug 2022 23:55:17 GMT">
  <testcase classname="basicsOfTestNG.LearningTestng" name="functionB" time="0.052"/>
  <testcase classname="basicsOfTestNG.LearningTestng" name="functionC" time="0.016"/>
</testsuite> <!-- basicsOfTestNG.LearningTestng -->
