<?xml version="1.0" encoding="UTF-8"?>
<!-- Generated by org.testng.reporters.JUnitReportReporter -->
<testsuite hostname="DESKTOP-9OTVNOD" failures="0" tests="1" name="script.LockedSigninScript" time="6.029" errors="0" timestamp="5 Aug 2022 01:29:25 GMT">
  <testcase classname="script.LockedSigninScript" name="lockedOutUserLogin" time="6.029"/>
</testsuite> <!-- script.LockedSigninScript -->
