<?xml version="1.0" encoding="UTF-8"?>
<!-- Generated by org.testng.reporters.JUnitReportReporter -->
<testsuite hostname="DESKTOP-9OTVNOD" failures="0" tests="1" name="script.LockedSigninScript" time="1.717" errors="0" timestamp="10 Aug 2022 00:07:43 GMT">
  <testcase classname="script.LockedSigninScript" name="lockedOutUserLogin" time="1.717"/>
</testsuite> <!-- script.LockedSigninScript -->
