<?xml version="1.0" encoding="UTF-8"?>
<!-- Generated by org.testng.reporters.JUnitReportReporter -->
<testsuite hostname="DESKTOP-9OTVNOD" failures="0" tests="2" name="script.DataDrivenSigninScript" time="22.162" errors="0" timestamp="10 Aug 2022 01:24:07 GMT">
  <testcase classname="script.DataDrivenSigninScript" name="userLogin" time="8.076"/>
  <testcase classname="script.DataDrivenSigninScript" name="userLogin" time="14.086"/>
</testsuite> <!-- script.DataDrivenSigninScript -->
