<?xml version="1.0" encoding="UTF-8"?>
<!-- Generated by org.testng.reporters.JUnitReportReporter -->
<testsuite hostname="DESKTOP-9OTVNOD" failures="0" tests="1" name="script.ProblemSigninScript" time="2.678" errors="0" timestamp="10 Aug 2022 00:07:43 GMT">
  <testcase classname="script.ProblemSigninScript" name="problemUserLogin" time="2.678"/>
</testsuite> <!-- script.ProblemSigninScript -->
