<?xml version="1.0" encoding="UTF-8"?>
<!-- Generated by org.testng.reporters.JUnitReportReporter -->
<testsuite hostname="DESKTOP-9OTVNOD" failures="0" tests="1" name="script.LockedSigninScript" time="4.022" errors="0" timestamp="25 Aug 2022 23:53:43 GMT">
  <testcase classname="script.LockedSigninScript" name="lockedOutUserLogin" time="4.022"/>
</testsuite> <!-- script.LockedSigninScript -->
