<?xml version="1.0" encoding="UTF-8"?>
<!-- Generated by org.testng.reporters.JUnitReportReporter -->
<testsuite hostname="DESKTOP-9OTVNOD" failures="0" tests="1" name="script.PerformanceSigninScript" time="10.506" errors="0" timestamp="25 Aug 2022 23:53:43 GMT">
  <testcase classname="script.PerformanceSigninScript" name="performanceGlitchUserLogin" time="10.506"/>
</testsuite> <!-- script.PerformanceSigninScript -->
