<?xml version="1.0" encoding="UTF-8"?>
<!-- Generated by org.testng.reporters.JUnitReportReporter -->
<testsuite hostname="DESKTOP-9OTVNOD" failures="0" tests="2" name="basicsOfTestNG.LearningTestng" time="0.052" errors="0" timestamp="3 Aug 2022 01:13:33 GMT">
  <testcase classname="basicsOfTestNG.LearningTestng" name="functionC" time="0.043"/>
  <testcase classname="basicsOfTestNG.LearningTestng" name="functionB" time="0.009"/>
</testsuite> <!-- basicsOfTestNG.LearningTestng -->
