<?xml version="1.0" encoding="UTF-8"?>
<!-- Generated by org.testng.reporters.JUnitReportReporter -->
<testsuite hostname="DESKTOP-9OTVNOD" failures="0" tests="1" name="basicsOfTestNG.BasicTest" time="0.019" errors="0" timestamp="3 Aug 2022 01:17:11 GMT">
  <testcase classname="basicsOfTestNG.BasicTest" name="testFunction" time="0.019"/>
</testsuite> <!-- basicsOfTestNG.BasicTest -->
