<?xml version="1.0" encoding="UTF-8"?>
<!-- Generated by org.testng.reporters.JUnitReportReporter -->
<testsuite hostname="DESKTOP-9OTVNOD" failures="0" tests="1" name="script.PerformanceSigninScript" time="7.821" errors="0" timestamp="10 Aug 2022 00:07:43 GMT">
  <testcase classname="script.PerformanceSigninScript" name="performanceGlitchUserLogin" time="7.821"/>
</testsuite> <!-- script.PerformanceSigninScript -->
