<?xml version="1.0" encoding="UTF-8"?>
<!-- Generated by org.testng.reporters.JUnitReportReporter -->
<testsuite hostname="DESKTOP-9OTVNOD" failures="0" tests="1" name="script.SigninScript" time="1.734" errors="0" timestamp="3 Aug 2022 01:28:05 GMT">
  <testcase classname="script.SigninScript" name="standardUserLogin" time="1.734"/>
</testsuite> <!-- script.SigninScript -->
